Flow report for vec_mul_avalon_interface_32
Mon Dec 08 15:26:08 2025
Quartus Prime Version 18.1.0 Build 625 09/12/2018 SJ Lite Edition


---------------------
; Table of Contents ;
---------------------
  1. Legal Notice
  2. Flow Summary
  3. Flow Settings
  4. Flow Non-Default Global Settings
  5. Flow Elapsed Time
  6. Flow OS Summary
  7. Flow Log
  8. Flow Messages
  9. Flow Suppressed Messages



----------------
; Legal Notice ;
----------------
Copyright (C) 2018  Intel Corporation. All rights reserved.
Your use of Intel Corporation's design tools, logic functions 
and other software and tools, and its AMPP partner logic 
functions, and any output files from any of the foregoing 
(including device programming or simulation files), and any 
associated documentation or information are expressly subject 
to the terms and conditions of the Intel Program License 
Subscription Agreement, the Intel Quartus Prime License Agreement,
the Intel FPGA IP License Agreement, or other applicable license
agreement, including, without limitation, that your use is for
the sole purpose of programming logic devices manufactured by
Intel and sold by Intel or its authorized distributors.  Please
refer to the applicable agreement for further details.



+-------------------------------------------------------------------------------+
; Flow Summary                                                                  ;
+---------------------------------+---------------------------------------------+
; Flow Status                     ; Successful - Mon Dec 08 15:26:08 2025       ;
; Quartus Prime Version           ; 18.1.0 Build 625 09/12/2018 SJ Lite Edition ;
; Revision Name                   ; vec_mul_avalon_interface_32                 ;
; Top-level Entity Name           ; vec_mul_avalon_interface_32                 ;
; Family                          ; Cyclone V                                   ;
; Device                          ; 5CGXFC7D6F31C6                              ;
; Timing Models                   ; Final                                       ;
; Logic utilization (in ALMs)     ; 322 / 56,480 ( < 1 % )                      ;
; Total registers                 ; 518                                         ;
; Total pins                      ; 151 / 522 ( 29 % )                          ;
; Total virtual pins              ; 0                                           ;
; Total block memory bits         ; 4,096 / 7,024,640 ( < 1 % )                 ;
; Total DSP Blocks                ; 6 / 156 ( 4 % )                             ;
; Total HSSI RX PCSs              ; 0 / 9 ( 0 % )                               ;
; Total HSSI PMA RX Deserializers ; 0 / 9 ( 0 % )                               ;
; Total HSSI TX PCSs              ; 0 / 9 ( 0 % )                               ;
; Total HSSI PMA TX Serializers   ; 0 / 9 ( 0 % )                               ;
; Total PLLs                      ; 0 / 16 ( 0 % )                              ;
; Total DLLs                      ; 0 / 4 ( 0 % )                               ;
+---------------------------------+---------------------------------------------+


+-------------------------------------------------+
; Flow Settings                                   ;
+-------------------+-----------------------------+
; Option            ; Setting                     ;
+-------------------+-----------------------------+
; Start date & time ; 12/08/2025 15:21:28         ;
; Main task         ; Compilation                 ;
; Revision Name     ; vec_mul_avalon_interface_32 ;
+-------------------+-----------------------------+


+-----------------------------------------------------------------------------------------------------------------------------+
; Flow Non-Default Global Settings                                                                                            ;
+-------------------------------------+----------------------------------------+---------------+-------------+----------------+
; Assignment Name                     ; Value                                  ; Default Value ; Entity Name ; Section Id     ;
+-------------------------------------+----------------------------------------+---------------+-------------+----------------+
; COMPILER_SIGNATURE_ID               ; 97642502144897.176522888815944         ; --            ; --          ; --             ;
; EDA_OUTPUT_DATA_FORMAT              ; Systemverilog Hdl                      ; --            ; --          ; eda_simulation ;
; EDA_SIMULATION_TOOL                 ; ModelSim-Altera (SystemVerilog)        ; <None>        ; --          ; --             ;
; EDA_TIME_SCALE                      ; 1 ps                                   ; --            ; --          ; eda_simulation ;
; MAX_CORE_JUNCTION_TEMP              ; 85                                     ; --            ; --          ; --             ;
; MIN_CORE_JUNCTION_TEMP              ; 0                                      ; --            ; --          ; --             ;
; PARTITION_COLOR                     ; -- (Not supported for targeted family) ; --            ; --          ; Top            ;
; PARTITION_FITTER_PRESERVATION_LEVEL ; -- (Not supported for targeted family) ; --            ; --          ; Top            ;
; PARTITION_NETLIST_TYPE              ; -- (Not supported for targeted family) ; --            ; --          ; Top            ;
; PROJECT_OUTPUT_DIRECTORY            ; output_files                           ; --            ; --          ; --             ;
+-------------------------------------+----------------------------------------+---------------+-------------+----------------+


+--------------------------------------------------------------------------------------------------------------------------+
; Flow Elapsed Time                                                                                                        ;
+----------------------+--------------+-------------------------+---------------------+------------------------------------+
; Module Name          ; Elapsed Time ; Average Processors Used ; Peak Virtual Memory ; Total CPU Time (on all processors) ;
+----------------------+--------------+-------------------------+---------------------+------------------------------------+
; Analysis & Synthesis ; 00:00:13     ; 1.0                     ; 4910 MB             ; 00:00:20                           ;
; Fitter               ; 00:03:28     ; 1.1                     ; 7335 MB             ; 00:11:21                           ;
; Assembler            ; 00:00:43     ; 1.0                     ; 4845 MB             ; 00:00:23                           ;
; Timing Analyzer      ; 00:00:07     ; 1.8                     ; 5289 MB             ; 00:00:08                           ;
; EDA Netlist Writer   ; 00:00:01     ; 1.0                     ; 4773 MB             ; 00:00:01                           ;
; Total                ; 00:04:32     ; --                      ; --                  ; 00:12:13                           ;
+----------------------+--------------+-------------------------+---------------------+------------------------------------+


+------------------------------------------------------------------------------------+
; Flow OS Summary                                                                    ;
+----------------------+------------------+------------+------------+----------------+
; Module Name          ; Machine Hostname ; OS Name    ; OS Version ; Processor type ;
+----------------------+------------------+------------+------------+----------------+
; Analysis & Synthesis ; SanjoyMSI        ; Windows 10 ; 10.0       ; x86_64         ;
; Fitter               ; SanjoyMSI        ; Windows 10 ; 10.0       ; x86_64         ;
; Assembler            ; SanjoyMSI        ; Windows 10 ; 10.0       ; x86_64         ;
; Timing Analyzer      ; SanjoyMSI        ; Windows 10 ; 10.0       ; x86_64         ;
; EDA Netlist Writer   ; SanjoyMSI        ; Windows 10 ; 10.0       ; x86_64         ;
+----------------------+------------------+------------+------------+----------------+


------------
; Flow Log ;
------------
quartus_map --read_settings_files=on --write_settings_files=off vec_mul_avalon_interface_32 -c vec_mul_avalon_interface_32
quartus_fit --read_settings_files=off --write_settings_files=off vec_mul_avalon_interface_32 -c vec_mul_avalon_interface_32
quartus_asm --read_settings_files=off --write_settings_files=off vec_mul_avalon_interface_32 -c vec_mul_avalon_interface_32
quartus_sta vec_mul_avalon_interface_32 -c vec_mul_avalon_interface_32
quartus_eda --read_settings_files=off --write_settings_files=off vec_mul_avalon_interface_32 -c vec_mul_avalon_interface_32



