Analysis & Synthesis report for vec_mul_avalon_interface_32
Mon Dec 08 15:21:42 2025
Quartus Prime Version 18.1.0 Build 625 09/12/2018 SJ Lite Edition


---------------------
; Table of Contents ;
---------------------
  1. Legal Notice
  2. Analysis & Synthesis Summary
  3. Analysis & Synthesis Settings
  4. Parallel Compilation
  5. Analysis & Synthesis Source Files Read
  6. Analysis & Synthesis Resource Usage Summary
  7. Analysis & Synthesis Resource Utilization by Entity
  8. Analysis & Synthesis RAM Summary
  9. Analysis & Synthesis DSP Block Usage Summary
 10. State Machine - |vec_mul_avalon_interface_32|vec_mul_pipe_core_32:coreComp|state
 11. Registers Removed During Synthesis
 12. General Register Statistics
 13. Registers Added for RAM Pass-Through Logic
 14. Multiplexer Restructuring Statistics (Restructuring Performed)
 15. Source assignments for vec_mul_pipe_core_32:coreComp|altsyncram:FIFO_A_rtl_0|altsyncram_a3n1:auto_generated
 16. Source assignments for vec_mul_pipe_core_32:coreComp|altsyncram:FIFO_B_rtl_0|altsyncram_a3n1:auto_generated
 17. Parameter Settings for Inferred Entity Instance: vec_mul_pipe_core_32:coreComp|altsyncram:FIFO_A_rtl_0
 18. Parameter Settings for Inferred Entity Instance: vec_mul_pipe_core_32:coreComp|altsyncram:FIFO_B_rtl_0
 19. altsyncram Parameter Settings by Entity Instance
 20. Post-Synthesis Netlist Statistics for Top Partition
 21. Elapsed Time Per Partition
 22. Analysis & Synthesis Messages



----------------
; Legal Notice ;
----------------
Copyright (C) 2018  Intel Corporation. All rights reserved.
Your use of Intel Corporation's design tools, logic functions 
and other software and tools, and its AMPP partner logic 
functions, and any output files from any of the foregoing 
(including device programming or simulation files), and any 
associated documentation or information are expressly subject 
to the terms and conditions of the Intel Program License 
Subscription Agreement, the Intel Quartus Prime License Agreement,
the Intel FPGA IP License Agreement, or other applicable license
agreement, including, without limitation, that your use is for
the sole purpose of programming logic devices manufactured by
Intel and sold by Intel or its authorized distributors.  Please
refer to the applicable agreement for further details.



+-------------------------------------------------------------------------------+
; Analysis & Synthesis Summary                                                  ;
+---------------------------------+---------------------------------------------+
; Analysis & Synthesis Status     ; Successful - Mon Dec 08 15:21:42 2025       ;
; Quartus Prime Version           ; 18.1.0 Build 625 09/12/2018 SJ Lite Edition ;
; Revision Name                   ; vec_mul_avalon_interface_32                 ;
; Top-level Entity Name           ; vec_mul_avalon_interface_32                 ;
; Family                          ; Cyclone V                                   ;
; Logic utilization (in ALMs)     ; N/A                                         ;
; Total registers                 ; 514                                         ;
; Total pins                      ; 151                                         ;
; Total virtual pins              ; 0                                           ;
; Total block memory bits         ; 4,096                                       ;
; Total DSP Blocks                ; 6                                           ;
; Total HSSI RX PCSs              ; 0                                           ;
; Total HSSI PMA RX Deserializers ; 0                                           ;
; Total HSSI TX PCSs              ; 0                                           ;
; Total HSSI PMA TX Serializers   ; 0                                           ;
; Total PLLs                      ; 0                                           ;
; Total DLLs                      ; 0                                           ;
+---------------------------------+---------------------------------------------+


+---------------------------------------------------------------------------------------------------------------------------------------------+
; Analysis & Synthesis Settings                                                                                                               ;
+---------------------------------------------------------------------------------+-----------------------------+-----------------------------+
; Option                                                                          ; Setting                     ; Default Value               ;
+---------------------------------------------------------------------------------+-----------------------------+-----------------------------+
; Device                                                                          ; 5CGXFC7D6F31C6              ;                             ;
; Top-level entity name                                                           ; vec_mul_avalon_interface_32 ; vec_mul_avalon_interface_32 ;
; Family name                                                                     ; Cyclone V                   ; Cyclone V                   ;
; Use smart compilation                                                           ; Off                         ; Off                         ;
; Enable parallel Assembler and Timing Analyzer during compilation                ; On                          ; On                          ;
; Enable compact report table                                                     ; Off                         ; Off                         ;
; Restructure Multiplexers                                                        ; Auto                        ; Auto                        ;
; MLAB Add Timing Constraints For Mixed-Port Feed-Through Mode Setting Don't Care ; Off                         ; Off                         ;
; Create Debugging Nodes for IP Cores                                             ; Off                         ; Off                         ;
; Preserve fewer node names                                                       ; On                          ; On                          ;
; Intel FPGA IP Evaluation Mode                                                   ; Enable                      ; Enable                      ;
; Verilog Version                                                                 ; Verilog_2001                ; Verilog_2001                ;
; VHDL Version                                                                    ; VHDL_1993                   ; VHDL_1993                   ;
; State Machine Processing                                                        ; Auto                        ; Auto                        ;
; Safe State Machine                                                              ; Off                         ; Off                         ;
; Extract Verilog State Machines                                                  ; On                          ; On                          ;
; Extract VHDL State Machines                                                     ; On                          ; On                          ;
; Ignore Verilog initial constructs                                               ; Off                         ; Off                         ;
; Iteration limit for constant Verilog loops                                      ; 5000                        ; 5000                        ;
; Iteration limit for non-constant Verilog loops                                  ; 250                         ; 250                         ;
; Add Pass-Through Logic to Inferred RAMs                                         ; On                          ; On                          ;
; Infer RAMs from Raw Logic                                                       ; On                          ; On                          ;
; Parallel Synthesis                                                              ; On                          ; On                          ;
; DSP Block Balancing                                                             ; Auto                        ; Auto                        ;
; NOT Gate Push-Back                                                              ; On                          ; On                          ;
; Power-Up Don't Care                                                             ; On                          ; On                          ;
; Remove Redundant Logic Cells                                                    ; Off                         ; Off                         ;
; Remove Duplicate Registers                                                      ; On                          ; On                          ;
; Ignore CARRY Buffers                                                            ; Off                         ; Off                         ;
; Ignore CASCADE Buffers                                                          ; Off                         ; Off                         ;
; Ignore GLOBAL Buffers                                                           ; Off                         ; Off                         ;
; Ignore ROW GLOBAL Buffers                                                       ; Off                         ; Off                         ;
; Ignore LCELL Buffers                                                            ; Off                         ; Off                         ;
; Ignore SOFT Buffers                                                             ; On                          ; On                          ;
; Limit AHDL Integers to 32 Bits                                                  ; Off                         ; Off                         ;
; Optimization Technique                                                          ; Balanced                    ; Balanced                    ;
; Carry Chain Length                                                              ; 70                          ; 70                          ;
; Auto Carry Chains                                                               ; On                          ; On                          ;
; Auto Open-Drain Pins                                                            ; On                          ; On                          ;
; Perform WYSIWYG Primitive Resynthesis                                           ; Off                         ; Off                         ;
; Auto ROM Replacement                                                            ; On                          ; On                          ;
; Auto RAM Replacement                                                            ; On                          ; On                          ;
; Auto DSP Block Replacement                                                      ; On                          ; On                          ;
; Auto Shift Register Replacement                                                 ; Auto                        ; Auto                        ;
; Allow Shift Register Merging across Hierarchies                                 ; Auto                        ; Auto                        ;
; Auto Clock Enable Replacement                                                   ; On                          ; On                          ;
; Strict RAM Replacement                                                          ; Off                         ; Off                         ;
; Allow Synchronous Control Signals                                               ; On                          ; On                          ;
; Force Use of Synchronous Clear Signals                                          ; Off                         ; Off                         ;
; Auto Resource Sharing                                                           ; Off                         ; Off                         ;
; Allow Any RAM Size For Recognition                                              ; Off                         ; Off                         ;
; Allow Any ROM Size For Recognition                                              ; Off                         ; Off                         ;
; Allow Any Shift Register Size For Recognition                                   ; Off                         ; Off                         ;
; Use LogicLock Constraints during Resource Balancing                             ; On                          ; On                          ;
; Ignore translate_off and synthesis_off directives                               ; Off                         ; Off                         ;
; Timing-Driven Synthesis                                                         ; On                          ; On                          ;
; Report Parameter Settings                                                       ; On                          ; On                          ;
; Report Source Assignments                                                       ; On                          ; On                          ;
; Report Connectivity Checks                                                      ; On                          ; On                          ;
; Ignore Maximum Fan-Out Assignments                                              ; Off                         ; Off                         ;
; Synchronization Register Chain Length                                           ; 3                           ; 3                           ;
; Power Optimization During Synthesis                                             ; Normal compilation          ; Normal compilation          ;
; HDL message level                                                               ; Level2                      ; Level2                      ;
; Suppress Register Optimization Related Messages                                 ; Off                         ; Off                         ;
; Number of Removed Registers Reported in Synthesis Report                        ; 5000                        ; 5000                        ;
; Number of Swept Nodes Reported in Synthesis Report                              ; 5000                        ; 5000                        ;
; Number of Inverted Registers Reported in Synthesis Report                       ; 100                         ; 100                         ;
; Clock MUX Protection                                                            ; On                          ; On                          ;
; Auto Gated Clock Conversion                                                     ; Off                         ; Off                         ;
; Block Design Naming                                                             ; Auto                        ; Auto                        ;
; SDC constraint protection                                                       ; Off                         ; Off                         ;
; Synthesis Effort                                                                ; Auto                        ; Auto                        ;
; Shift Register Replacement - Allow Asynchronous Clear Signal                    ; On                          ; On                          ;
; Pre-Mapping Resynthesis Optimization                                            ; Off                         ; Off                         ;
; Analysis & Synthesis Message Level                                              ; Medium                      ; Medium                      ;
; Disable Register Merging Across Hierarchies                                     ; Auto                        ; Auto                        ;
; Resource Aware Inference For Block RAM                                          ; On                          ; On                          ;
; Automatic Parallel Synthesis                                                    ; On                          ; On                          ;
; Partial Reconfiguration Bitstream ID                                            ; Off                         ; Off                         ;
+---------------------------------------------------------------------------------+-----------------------------+-----------------------------+


+------------------------------------------+
; Parallel Compilation                     ;
+----------------------------+-------------+
; Processors                 ; Number      ;
+----------------------------+-------------+
; Number detected on machine ; 12          ;
; Maximum allowed            ; 10          ;
;                            ;             ;
; Average used               ; 1.00        ;
; Maximum used               ; 10          ;
;                            ;             ;
; Usage by Processor         ; % Time Used ;
;     Processor 1            ; 100.0%      ;
;     Processor 2            ;   0.0%      ;
;     Processor 3            ;   0.0%      ;
;     Processor 4            ;   0.0%      ;
;     Processor 5            ;   0.0%      ;
;     Processor 6            ;   0.0%      ;
;     Processor 7            ;   0.0%      ;
;     Processor 8            ;   0.0%      ;
;     Processors 9-10        ;   0.0%      ;
+----------------------------+-------------+


+--------------------------------------------------------------------------------------------------------------------------------------------------------------------------------------------------------------------+
; Analysis & Synthesis Source Files Read                                                                                                                                                                             ;
+----------------------------------+-----------------+------------------------------------+----------------------------------------------------------------------------------------------------------------+---------+
; File Name with User-Entered Path ; Used in Netlist ; File Type                          ; File Name with Absolute Path                                                                                   ; Library ;
+----------------------------------+-----------------+------------------------------------+----------------------------------------------------------------------------------------------------------------+---------+
; vec_mul_avalon_interface_32.sv   ; yes             ; Auto-Found SystemVerilog HDL File  ; D:/Uah_Fpga/FinalProjectTry/Try_Submit/pipe/sv_code/vec_mul_avalon_interface_32/vec_mul_avalon_interface_32.sv ;         ;
; vec_mul_pipe_core_32.sv          ; yes             ; Auto-Found SystemVerilog HDL File  ; D:/Uah_Fpga/FinalProjectTry/Try_Submit/pipe/sv_code/vec_mul_avalon_interface_32/vec_mul_pipe_core_32.sv        ;         ;
; altsyncram.tdf                   ; yes             ; Megafunction                       ; d:/uah_fpga/quartus_18_1/quartus/libraries/megafunctions/altsyncram.tdf                                        ;         ;
; stratix_ram_block.inc            ; yes             ; Megafunction                       ; d:/uah_fpga/quartus_18_1/quartus/libraries/megafunctions/stratix_ram_block.inc                                 ;         ;
; lpm_mux.inc                      ; yes             ; Megafunction                       ; d:/uah_fpga/quartus_18_1/quartus/libraries/megafunctions/lpm_mux.inc                                           ;         ;
; lpm_decode.inc                   ; yes             ; Megafunction                       ; d:/uah_fpga/quartus_18_1/quartus/libraries/megafunctions/lpm_decode.inc                                        ;         ;
; aglobal181.inc                   ; yes             ; Megafunction                       ; d:/uah_fpga/quartus_18_1/quartus/libraries/megafunctions/aglobal181.inc                                        ;         ;
; a_rdenreg.inc                    ; yes             ; Megafunction                       ; d:/uah_fpga/quartus_18_1/quartus/libraries/megafunctions/a_rdenreg.inc                                         ;         ;
; altrom.inc                       ; yes             ; Megafunction                       ; d:/uah_fpga/quartus_18_1/quartus/libraries/megafunctions/altrom.inc                                            ;         ;
; altram.inc                       ; yes             ; Megafunction                       ; d:/uah_fpga/quartus_18_1/quartus/libraries/megafunctions/altram.inc                                            ;         ;
; altdpram.inc                     ; yes             ; Megafunction                       ; d:/uah_fpga/quartus_18_1/quartus/libraries/megafunctions/altdpram.inc                                          ;         ;
; db/altsyncram_a3n1.tdf           ; yes             ; Auto-Generated Megafunction        ; D:/Uah_Fpga/FinalProjectTry/Try_Submit/pipe/sv_code/vec_mul_avalon_interface_32/db/altsyncram_a3n1.tdf         ;         ;
+----------------------------------+-----------------+------------------------------------+----------------------------------------------------------------------------------------------------------------+---------+


+-----------------------------------------------------------+
; Analysis & Synthesis Resource Usage Summary               ;
+---------------------------------------------+-------------+
; Resource                                    ; Usage       ;
+---------------------------------------------+-------------+
; Estimate of Logic utilization (ALMs needed) ; 393         ;
;                                             ;             ;
; Combinational ALUT usage for logic          ; 550         ;
;     -- 7 input functions                    ; 0           ;
;     -- 6 input functions                    ; 134         ;
;     -- 5 input functions                    ; 90          ;
;     -- 4 input functions                    ; 57          ;
;     -- <=3 input functions                  ; 269         ;
;                                             ;             ;
; Dedicated logic registers                   ; 514         ;
;                                             ;             ;
; I/O pins                                    ; 151         ;
; Total MLAB memory bits                      ; 0           ;
; Total block memory bits                     ; 4096        ;
;                                             ;             ;
; Total DSP Blocks                            ; 6           ;
;                                             ;             ;
; Maximum fan-out node                        ; clock~input ;
; Maximum fan-out                             ; 578         ;
; Total fan-out                               ; 5541        ;
; Average fan-out                             ; 3.86        ;
+---------------------------------------------+-------------+


+---------------------------------------------------------------------------------------------------------------------------------------------------------------------------------------------------------------------------------------------------------------------------------------------------------------------+
; Analysis & Synthesis Resource Utilization by Entity                                                                                                                                                                                                                                                                 ;
+-------------------------------------------+---------------------+---------------------------+-------------------+------------+------+--------------+-------------------------------------------------------------------------------------------------------------------+-----------------------------+--------------+
; Compilation Hierarchy Node                ; Combinational ALUTs ; Dedicated Logic Registers ; Block Memory Bits ; DSP Blocks ; Pins ; Virtual Pins ; Full Hierarchy Name                                                                                               ; Entity Name                 ; Library Name ;
+-------------------------------------------+---------------------+---------------------------+-------------------+------------+------+--------------+-------------------------------------------------------------------------------------------------------------------+-----------------------------+--------------+
; |vec_mul_avalon_interface_32              ; 550 (72)            ; 514 (161)                 ; 4096              ; 6          ; 151  ; 0            ; |vec_mul_avalon_interface_32                                                                                      ; vec_mul_avalon_interface_32 ; work         ;
;    |vec_mul_pipe_core_32:coreComp|        ; 478 (478)           ; 353 (353)                 ; 4096              ; 6          ; 0    ; 0            ; |vec_mul_avalon_interface_32|vec_mul_pipe_core_32:coreComp                                                        ; vec_mul_pipe_core_32        ; work         ;
;       |altsyncram:FIFO_A_rtl_0|           ; 0 (0)               ; 0 (0)                     ; 2048              ; 0          ; 0    ; 0            ; |vec_mul_avalon_interface_32|vec_mul_pipe_core_32:coreComp|altsyncram:FIFO_A_rtl_0                                ; altsyncram                  ; work         ;
;          |altsyncram_a3n1:auto_generated| ; 0 (0)               ; 0 (0)                     ; 2048              ; 0          ; 0    ; 0            ; |vec_mul_avalon_interface_32|vec_mul_pipe_core_32:coreComp|altsyncram:FIFO_A_rtl_0|altsyncram_a3n1:auto_generated ; altsyncram_a3n1             ; work         ;
;       |altsyncram:FIFO_B_rtl_0|           ; 0 (0)               ; 0 (0)                     ; 2048              ; 0          ; 0    ; 0            ; |vec_mul_avalon_interface_32|vec_mul_pipe_core_32:coreComp|altsyncram:FIFO_B_rtl_0                                ; altsyncram                  ; work         ;
;          |altsyncram_a3n1:auto_generated| ; 0 (0)               ; 0 (0)                     ; 2048              ; 0          ; 0    ; 0            ; |vec_mul_avalon_interface_32|vec_mul_pipe_core_32:coreComp|altsyncram:FIFO_B_rtl_0|altsyncram_a3n1:auto_generated ; altsyncram_a3n1             ; work         ;
+-------------------------------------------+---------------------+---------------------------+-------------------+------------+------+--------------+-------------------------------------------------------------------------------------------------------------------+-----------------------------+--------------+
Note: For table entries with two numbers listed, the numbers in parentheses indicate the number of resources of the given type used by the specific entity alone. The numbers listed outside of parentheses indicate the total resources of the given type used by the specific entity and all of its sub-entities in the hierarchy.


+-----------------------------------------------------------------------------------------------------------------------------------------------------------------------------------------------------+
; Analysis & Synthesis RAM Summary                                                                                                                                                                    ;
+-------------------------------------------------------------------------------------------------+------+------------------+--------------+--------------+--------------+--------------+------+------+
; Name                                                                                            ; Type ; Mode             ; Port A Depth ; Port A Width ; Port B Depth ; Port B Width ; Size ; MIF  ;
+-------------------------------------------------------------------------------------------------+------+------------------+--------------+--------------+--------------+--------------+------+------+
; vec_mul_pipe_core_32:coreComp|altsyncram:FIFO_A_rtl_0|altsyncram_a3n1:auto_generated|ALTSYNCRAM ; AUTO ; Simple Dual Port ; 64           ; 32           ; 64           ; 32           ; 2048 ; None ;
; vec_mul_pipe_core_32:coreComp|altsyncram:FIFO_B_rtl_0|altsyncram_a3n1:auto_generated|ALTSYNCRAM ; AUTO ; Simple Dual Port ; 64           ; 32           ; 64           ; 32           ; 2048 ; None ;
+-------------------------------------------------------------------------------------------------+------+------------------+--------------+--------------+--------------+--------------+------+------+


+-----------------------------------------------+
; Analysis & Synthesis DSP Block Usage Summary  ;
+---------------------------------+-------------+
; Statistic                       ; Number Used ;
+---------------------------------+-------------+
; Independent 27x27               ; 6           ;
; Total number of DSP blocks      ; 6           ;
;                                 ;             ;
; Fixed Point Unsigned Multiplier ; 6           ;
+---------------------------------+-------------+


Encoding Type:  One-Hot
+----------------------------------------------------------------------------------+
; State Machine - |vec_mul_avalon_interface_32|vec_mul_pipe_core_32:coreComp|state ;
+------------+------------+------------+-------------------------------------------+
; Name       ; state.IDLE ; state.DONE ; state.RUN                                 ;
+------------+------------+------------+-------------------------------------------+
; state.IDLE ; 0          ; 0          ; 0                                         ;
; state.RUN  ; 1          ; 0          ; 1                                         ;
; state.DONE ; 1          ; 1          ; 0                                         ;
+------------+------------+------------+-------------------------------------------+


+-------------------------------------------------------------------------------------------------------+
; Registers Removed During Synthesis                                                                    ;
+---------------------------------------------+---------------------------------------------------------+
; Register name                               ; Reason for Removal                                      ;
+---------------------------------------------+---------------------------------------------------------+
; vec_mul_pipe_core_32:coreComp|read_B_ptr[0] ; Merged with vec_mul_pipe_core_32:coreComp|read_A_ptr[0] ;
; vec_mul_pipe_core_32:coreComp|read_B_ptr[1] ; Merged with vec_mul_pipe_core_32:coreComp|read_A_ptr[1] ;
; vec_mul_pipe_core_32:coreComp|read_B_ptr[2] ; Merged with vec_mul_pipe_core_32:coreComp|read_A_ptr[2] ;
; vec_mul_pipe_core_32:coreComp|read_B_ptr[3] ; Merged with vec_mul_pipe_core_32:coreComp|read_A_ptr[3] ;
; vec_mul_pipe_core_32:coreComp|read_B_ptr[4] ; Merged with vec_mul_pipe_core_32:coreComp|read_A_ptr[4] ;
; vec_mul_pipe_core_32:coreComp|read_B_ptr[5] ; Merged with vec_mul_pipe_core_32:coreComp|read_A_ptr[5] ;
; Total Number of Removed Registers = 6       ;                                                         ;
+---------------------------------------------+---------------------------------------------------------+


+------------------------------------------------------+
; General Register Statistics                          ;
+----------------------------------------------+-------+
; Statistic                                    ; Value ;
+----------------------------------------------+-------+
; Total registers                              ; 514   ;
; Number of registers using Synchronous Clear  ; 129   ;
; Number of registers using Synchronous Load   ; 0     ;
; Number of registers using Asynchronous Clear ; 326   ;
; Number of registers using Asynchronous Load  ; 0     ;
; Number of registers using Clock Enable       ; 411   ;
; Number of registers using Preset             ; 0     ;
+----------------------------------------------+-------+


+----------------------------------------------------------------------------------------------------+
; Registers Added for RAM Pass-Through Logic                                                         ;
+-------------------------------------------------------+--------------------------------------------+
; Register Name                                         ; RAM Name                                   ;
+-------------------------------------------------------+--------------------------------------------+
; vec_mul_pipe_core_32:coreComp|FIFO_A_rtl_0_bypass[0]  ; vec_mul_pipe_core_32:coreComp|FIFO_A_rtl_0 ;
; vec_mul_pipe_core_32:coreComp|FIFO_A_rtl_0_bypass[1]  ; vec_mul_pipe_core_32:coreComp|FIFO_A_rtl_0 ;
; vec_mul_pipe_core_32:coreComp|FIFO_A_rtl_0_bypass[2]  ; vec_mul_pipe_core_32:coreComp|FIFO_A_rtl_0 ;
; vec_mul_pipe_core_32:coreComp|FIFO_A_rtl_0_bypass[3]  ; vec_mul_pipe_core_32:coreComp|FIFO_A_rtl_0 ;
; vec_mul_pipe_core_32:coreComp|FIFO_A_rtl_0_bypass[4]  ; vec_mul_pipe_core_32:coreComp|FIFO_A_rtl_0 ;
; vec_mul_pipe_core_32:coreComp|FIFO_A_rtl_0_bypass[5]  ; vec_mul_pipe_core_32:coreComp|FIFO_A_rtl_0 ;
; vec_mul_pipe_core_32:coreComp|FIFO_A_rtl_0_bypass[6]  ; vec_mul_pipe_core_32:coreComp|FIFO_A_rtl_0 ;
; vec_mul_pipe_core_32:coreComp|FIFO_A_rtl_0_bypass[7]  ; vec_mul_pipe_core_32:coreComp|FIFO_A_rtl_0 ;
; vec_mul_pipe_core_32:coreComp|FIFO_A_rtl_0_bypass[8]  ; vec_mul_pipe_core_32:coreComp|FIFO_A_rtl_0 ;
; vec_mul_pipe_core_32:coreComp|FIFO_A_rtl_0_bypass[9]  ; vec_mul_pipe_core_32:coreComp|FIFO_A_rtl_0 ;
; vec_mul_pipe_core_32:coreComp|FIFO_A_rtl_0_bypass[10] ; vec_mul_pipe_core_32:coreComp|FIFO_A_rtl_0 ;
; vec_mul_pipe_core_32:coreComp|FIFO_A_rtl_0_bypass[11] ; vec_mul_pipe_core_32:coreComp|FIFO_A_rtl_0 ;
; vec_mul_pipe_core_32:coreComp|FIFO_A_rtl_0_bypass[12] ; vec_mul_pipe_core_32:coreComp|FIFO_A_rtl_0 ;
; vec_mul_pipe_core_32:coreComp|FIFO_A_rtl_0_bypass[13] ; vec_mul_pipe_core_32:coreComp|FIFO_A_rtl_0 ;
; vec_mul_pipe_core_32:coreComp|FIFO_A_rtl_0_bypass[14] ; vec_mul_pipe_core_32:coreComp|FIFO_A_rtl_0 ;
; vec_mul_pipe_core_32:coreComp|FIFO_A_rtl_0_bypass[15] ; vec_mul_pipe_core_32:coreComp|FIFO_A_rtl_0 ;
; vec_mul_pipe_core_32:coreComp|FIFO_A_rtl_0_bypass[16] ; vec_mul_pipe_core_32:coreComp|FIFO_A_rtl_0 ;
; vec_mul_pipe_core_32:coreComp|FIFO_A_rtl_0_bypass[17] ; vec_mul_pipe_core_32:coreComp|FIFO_A_rtl_0 ;
; vec_mul_pipe_core_32:coreComp|FIFO_A_rtl_0_bypass[18] ; vec_mul_pipe_core_32:coreComp|FIFO_A_rtl_0 ;
; vec_mul_pipe_core_32:coreComp|FIFO_A_rtl_0_bypass[19] ; vec_mul_pipe_core_32:coreComp|FIFO_A_rtl_0 ;
; vec_mul_pipe_core_32:coreComp|FIFO_A_rtl_0_bypass[20] ; vec_mul_pipe_core_32:coreComp|FIFO_A_rtl_0 ;
; vec_mul_pipe_core_32:coreComp|FIFO_A_rtl_0_bypass[21] ; vec_mul_pipe_core_32:coreComp|FIFO_A_rtl_0 ;
; vec_mul_pipe_core_32:coreComp|FIFO_A_rtl_0_bypass[22] ; vec_mul_pipe_core_32:coreComp|FIFO_A_rtl_0 ;
; vec_mul_pipe_core_32:coreComp|FIFO_A_rtl_0_bypass[23] ; vec_mul_pipe_core_32:coreComp|FIFO_A_rtl_0 ;
; vec_mul_pipe_core_32:coreComp|FIFO_A_rtl_0_bypass[24] ; vec_mul_pipe_core_32:coreComp|FIFO_A_rtl_0 ;
; vec_mul_pipe_core_32:coreComp|FIFO_A_rtl_0_bypass[25] ; vec_mul_pipe_core_32:coreComp|FIFO_A_rtl_0 ;
; vec_mul_pipe_core_32:coreComp|FIFO_A_rtl_0_bypass[26] ; vec_mul_pipe_core_32:coreComp|FIFO_A_rtl_0 ;
; vec_mul_pipe_core_32:coreComp|FIFO_A_rtl_0_bypass[27] ; vec_mul_pipe_core_32:coreComp|FIFO_A_rtl_0 ;
; vec_mul_pipe_core_32:coreComp|FIFO_A_rtl_0_bypass[28] ; vec_mul_pipe_core_32:coreComp|FIFO_A_rtl_0 ;
; vec_mul_pipe_core_32:coreComp|FIFO_A_rtl_0_bypass[29] ; vec_mul_pipe_core_32:coreComp|FIFO_A_rtl_0 ;
; vec_mul_pipe_core_32:coreComp|FIFO_A_rtl_0_bypass[30] ; vec_mul_pipe_core_32:coreComp|FIFO_A_rtl_0 ;
; vec_mul_pipe_core_32:coreComp|FIFO_A_rtl_0_bypass[31] ; vec_mul_pipe_core_32:coreComp|FIFO_A_rtl_0 ;
; vec_mul_pipe_core_32:coreComp|FIFO_A_rtl_0_bypass[32] ; vec_mul_pipe_core_32:coreComp|FIFO_A_rtl_0 ;
; vec_mul_pipe_core_32:coreComp|FIFO_A_rtl_0_bypass[33] ; vec_mul_pipe_core_32:coreComp|FIFO_A_rtl_0 ;
; vec_mul_pipe_core_32:coreComp|FIFO_A_rtl_0_bypass[34] ; vec_mul_pipe_core_32:coreComp|FIFO_A_rtl_0 ;
; vec_mul_pipe_core_32:coreComp|FIFO_A_rtl_0_bypass[35] ; vec_mul_pipe_core_32:coreComp|FIFO_A_rtl_0 ;
; vec_mul_pipe_core_32:coreComp|FIFO_A_rtl_0_bypass[36] ; vec_mul_pipe_core_32:coreComp|FIFO_A_rtl_0 ;
; vec_mul_pipe_core_32:coreComp|FIFO_A_rtl_0_bypass[37] ; vec_mul_pipe_core_32:coreComp|FIFO_A_rtl_0 ;
; vec_mul_pipe_core_32:coreComp|FIFO_A_rtl_0_bypass[38] ; vec_mul_pipe_core_32:coreComp|FIFO_A_rtl_0 ;
; vec_mul_pipe_core_32:coreComp|FIFO_A_rtl_0_bypass[39] ; vec_mul_pipe_core_32:coreComp|FIFO_A_rtl_0 ;
; vec_mul_pipe_core_32:coreComp|FIFO_A_rtl_0_bypass[40] ; vec_mul_pipe_core_32:coreComp|FIFO_A_rtl_0 ;
; vec_mul_pipe_core_32:coreComp|FIFO_A_rtl_0_bypass[41] ; vec_mul_pipe_core_32:coreComp|FIFO_A_rtl_0 ;
; vec_mul_pipe_core_32:coreComp|FIFO_A_rtl_0_bypass[42] ; vec_mul_pipe_core_32:coreComp|FIFO_A_rtl_0 ;
; vec_mul_pipe_core_32:coreComp|FIFO_A_rtl_0_bypass[43] ; vec_mul_pipe_core_32:coreComp|FIFO_A_rtl_0 ;
; vec_mul_pipe_core_32:coreComp|FIFO_A_rtl_0_bypass[44] ; vec_mul_pipe_core_32:coreComp|FIFO_A_rtl_0 ;
; vec_mul_pipe_core_32:coreComp|FIFO_B_rtl_0_bypass[0]  ; vec_mul_pipe_core_32:coreComp|FIFO_B_rtl_0 ;
; vec_mul_pipe_core_32:coreComp|FIFO_B_rtl_0_bypass[1]  ; vec_mul_pipe_core_32:coreComp|FIFO_B_rtl_0 ;
; vec_mul_pipe_core_32:coreComp|FIFO_B_rtl_0_bypass[2]  ; vec_mul_pipe_core_32:coreComp|FIFO_B_rtl_0 ;
; vec_mul_pipe_core_32:coreComp|FIFO_B_rtl_0_bypass[3]  ; vec_mul_pipe_core_32:coreComp|FIFO_B_rtl_0 ;
; vec_mul_pipe_core_32:coreComp|FIFO_B_rtl_0_bypass[4]  ; vec_mul_pipe_core_32:coreComp|FIFO_B_rtl_0 ;
; vec_mul_pipe_core_32:coreComp|FIFO_B_rtl_0_bypass[5]  ; vec_mul_pipe_core_32:coreComp|FIFO_B_rtl_0 ;
; vec_mul_pipe_core_32:coreComp|FIFO_B_rtl_0_bypass[6]  ; vec_mul_pipe_core_32:coreComp|FIFO_B_rtl_0 ;
; vec_mul_pipe_core_32:coreComp|FIFO_B_rtl_0_bypass[7]  ; vec_mul_pipe_core_32:coreComp|FIFO_B_rtl_0 ;
; vec_mul_pipe_core_32:coreComp|FIFO_B_rtl_0_bypass[8]  ; vec_mul_pipe_core_32:coreComp|FIFO_B_rtl_0 ;
; vec_mul_pipe_core_32:coreComp|FIFO_B_rtl_0_bypass[9]  ; vec_mul_pipe_core_32:coreComp|FIFO_B_rtl_0 ;
; vec_mul_pipe_core_32:coreComp|FIFO_B_rtl_0_bypass[10] ; vec_mul_pipe_core_32:coreComp|FIFO_B_rtl_0 ;
; vec_mul_pipe_core_32:coreComp|FIFO_B_rtl_0_bypass[11] ; vec_mul_pipe_core_32:coreComp|FIFO_B_rtl_0 ;
; vec_mul_pipe_core_32:coreComp|FIFO_B_rtl_0_bypass[12] ; vec_mul_pipe_core_32:coreComp|FIFO_B_rtl_0 ;
; vec_mul_pipe_core_32:coreComp|FIFO_B_rtl_0_bypass[13] ; vec_mul_pipe_core_32:coreComp|FIFO_B_rtl_0 ;
; vec_mul_pipe_core_32:coreComp|FIFO_B_rtl_0_bypass[14] ; vec_mul_pipe_core_32:coreComp|FIFO_B_rtl_0 ;
; vec_mul_pipe_core_32:coreComp|FIFO_B_rtl_0_bypass[15] ; vec_mul_pipe_core_32:coreComp|FIFO_B_rtl_0 ;
; vec_mul_pipe_core_32:coreComp|FIFO_B_rtl_0_bypass[16] ; vec_mul_pipe_core_32:coreComp|FIFO_B_rtl_0 ;
; vec_mul_pipe_core_32:coreComp|FIFO_B_rtl_0_bypass[17] ; vec_mul_pipe_core_32:coreComp|FIFO_B_rtl_0 ;
; vec_mul_pipe_core_32:coreComp|FIFO_B_rtl_0_bypass[18] ; vec_mul_pipe_core_32:coreComp|FIFO_B_rtl_0 ;
; vec_mul_pipe_core_32:coreComp|FIFO_B_rtl_0_bypass[19] ; vec_mul_pipe_core_32:coreComp|FIFO_B_rtl_0 ;
; vec_mul_pipe_core_32:coreComp|FIFO_B_rtl_0_bypass[20] ; vec_mul_pipe_core_32:coreComp|FIFO_B_rtl_0 ;
; vec_mul_pipe_core_32:coreComp|FIFO_B_rtl_0_bypass[21] ; vec_mul_pipe_core_32:coreComp|FIFO_B_rtl_0 ;
; vec_mul_pipe_core_32:coreComp|FIFO_B_rtl_0_bypass[22] ; vec_mul_pipe_core_32:coreComp|FIFO_B_rtl_0 ;
; vec_mul_pipe_core_32:coreComp|FIFO_B_rtl_0_bypass[23] ; vec_mul_pipe_core_32:coreComp|FIFO_B_rtl_0 ;
; vec_mul_pipe_core_32:coreComp|FIFO_B_rtl_0_bypass[24] ; vec_mul_pipe_core_32:coreComp|FIFO_B_rtl_0 ;
; vec_mul_pipe_core_32:coreComp|FIFO_B_rtl_0_bypass[25] ; vec_mul_pipe_core_32:coreComp|FIFO_B_rtl_0 ;
; vec_mul_pipe_core_32:coreComp|FIFO_B_rtl_0_bypass[26] ; vec_mul_pipe_core_32:coreComp|FIFO_B_rtl_0 ;
; vec_mul_pipe_core_32:coreComp|FIFO_B_rtl_0_bypass[27] ; vec_mul_pipe_core_32:coreComp|FIFO_B_rtl_0 ;
; vec_mul_pipe_core_32:coreComp|FIFO_B_rtl_0_bypass[28] ; vec_mul_pipe_core_32:coreComp|FIFO_B_rtl_0 ;
; vec_mul_pipe_core_32:coreComp|FIFO_B_rtl_0_bypass[29] ; vec_mul_pipe_core_32:coreComp|FIFO_B_rtl_0 ;
; vec_mul_pipe_core_32:coreComp|FIFO_B_rtl_0_bypass[30] ; vec_mul_pipe_core_32:coreComp|FIFO_B_rtl_0 ;
; vec_mul_pipe_core_32:coreComp|FIFO_B_rtl_0_bypass[31] ; vec_mul_pipe_core_32:coreComp|FIFO_B_rtl_0 ;
; vec_mul_pipe_core_32:coreComp|FIFO_B_rtl_0_bypass[32] ; vec_mul_pipe_core_32:coreComp|FIFO_B_rtl_0 ;
; vec_mul_pipe_core_32:coreComp|FIFO_B_rtl_0_bypass[33] ; vec_mul_pipe_core_32:coreComp|FIFO_B_rtl_0 ;
; vec_mul_pipe_core_32:coreComp|FIFO_B_rtl_0_bypass[34] ; vec_mul_pipe_core_32:coreComp|FIFO_B_rtl_0 ;
; vec_mul_pipe_core_32:coreComp|FIFO_B_rtl_0_bypass[35] ; vec_mul_pipe_core_32:coreComp|FIFO_B_rtl_0 ;
; vec_mul_pipe_core_32:coreComp|FIFO_B_rtl_0_bypass[36] ; vec_mul_pipe_core_32:coreComp|FIFO_B_rtl_0 ;
; vec_mul_pipe_core_32:coreComp|FIFO_B_rtl_0_bypass[37] ; vec_mul_pipe_core_32:coreComp|FIFO_B_rtl_0 ;
; vec_mul_pipe_core_32:coreComp|FIFO_B_rtl_0_bypass[38] ; vec_mul_pipe_core_32:coreComp|FIFO_B_rtl_0 ;
; vec_mul_pipe_core_32:coreComp|FIFO_B_rtl_0_bypass[39] ; vec_mul_pipe_core_32:coreComp|FIFO_B_rtl_0 ;
; vec_mul_pipe_core_32:coreComp|FIFO_B_rtl_0_bypass[40] ; vec_mul_pipe_core_32:coreComp|FIFO_B_rtl_0 ;
; vec_mul_pipe_core_32:coreComp|FIFO_B_rtl_0_bypass[41] ; vec_mul_pipe_core_32:coreComp|FIFO_B_rtl_0 ;
; vec_mul_pipe_core_32:coreComp|FIFO_B_rtl_0_bypass[42] ; vec_mul_pipe_core_32:coreComp|FIFO_B_rtl_0 ;
; vec_mul_pipe_core_32:coreComp|FIFO_B_rtl_0_bypass[43] ; vec_mul_pipe_core_32:coreComp|FIFO_B_rtl_0 ;
; vec_mul_pipe_core_32:coreComp|FIFO_B_rtl_0_bypass[44] ; vec_mul_pipe_core_32:coreComp|FIFO_B_rtl_0 ;
+-------------------------------------------------------+--------------------------------------------+


+---------------------------------------------------------------------------------------------------------------------------------------------------------------------------------------------+
; Multiplexer Restructuring Statistics (Restructuring Performed)                                                                                                                              ;
+--------------------+-----------+---------------+----------------------+------------------------+------------+-------------------------------------------------------------------------------+
; Multiplexer Inputs ; Bus Width ; Baseline Area ; Area if Restructured ; Saving if Restructured ; Registered ; Example Multiplexer Output                                                    ;
+--------------------+-----------+---------------+----------------------+------------------------+------------+-------------------------------------------------------------------------------+
; 3:1                ; 96 bits   ; 192 LEs       ; 0 LEs                ; 192 LEs                ; Yes        ; |vec_mul_avalon_interface_32|vec_mul_pipe_core_32:coreComp|accum[63]          ;
; 3:1                ; 6 bits    ; 12 LEs        ; 6 LEs                ; 6 LEs                  ; Yes        ; |vec_mul_avalon_interface_32|vec_mul_pipe_core_32:coreComp|write_B_ptr[5]     ;
; 3:1                ; 6 bits    ; 12 LEs        ; 6 LEs                ; 6 LEs                  ; Yes        ; |vec_mul_avalon_interface_32|vec_mul_pipe_core_32:coreComp|write_A_ptr[2]     ;
; 5:1                ; 33 bits   ; 99 LEs        ; 0 LEs                ; 99 LEs                 ; Yes        ; |vec_mul_avalon_interface_32|vec_mul_pipe_core_32:coreComp|read_req_index[11] ;
; 3:1                ; 30 bits   ; 60 LEs        ; 60 LEs               ; 0 LEs                  ; No         ; |vec_mul_avalon_interface_32|vec_mul_pipe_core_32:coreComp|avm_address[7]     ;
; 3:1                ; 6 bits    ; 12 LEs        ; 12 LEs               ; 0 LEs                  ; No         ; |vec_mul_avalon_interface_32|vec_mul_pipe_core_32:coreComp|read_A_ptr         ;
; 3:1                ; 32 bits   ; 64 LEs        ; 64 LEs               ; 0 LEs                  ; No         ; |vec_mul_avalon_interface_32|vec_mul_pipe_core_32:coreComp|FIFO_B             ;
; 3:1                ; 32 bits   ; 64 LEs        ; 64 LEs               ; 0 LEs                  ; No         ; |vec_mul_avalon_interface_32|vec_mul_pipe_core_32:coreComp|FIFO_A             ;
; 4:1                ; 2 bits    ; 4 LEs         ; 4 LEs                ; 0 LEs                  ; No         ; |vec_mul_avalon_interface_32|vec_mul_pipe_core_32:coreComp|avm_address[1]     ;
; 9:1                ; 31 bits   ; 186 LEs       ; 155 LEs              ; 31 LEs                 ; No         ; |vec_mul_avalon_interface_32|readdata                                         ;
+--------------------+-----------+---------------+----------------------+------------------------+------------+-------------------------------------------------------------------------------+


+-------------------------------------------------------------------------------------------------------------+
; Source assignments for vec_mul_pipe_core_32:coreComp|altsyncram:FIFO_A_rtl_0|altsyncram_a3n1:auto_generated ;
+---------------------------------+--------------------+------+-----------------------------------------------+
; Assignment                      ; Value              ; From ; To                                            ;
+---------------------------------+--------------------+------+-----------------------------------------------+
; OPTIMIZE_POWER_DURING_SYNTHESIS ; NORMAL_COMPILATION ; -    ; -                                             ;
+---------------------------------+--------------------+------+-----------------------------------------------+


+-------------------------------------------------------------------------------------------------------------+
; Source assignments for vec_mul_pipe_core_32:coreComp|altsyncram:FIFO_B_rtl_0|altsyncram_a3n1:auto_generated ;
+---------------------------------+--------------------+------+-----------------------------------------------+
; Assignment                      ; Value              ; From ; To                                            ;
+---------------------------------+--------------------+------+-----------------------------------------------+
; OPTIMIZE_POWER_DURING_SYNTHESIS ; NORMAL_COMPILATION ; -    ; -                                             ;
+---------------------------------+--------------------+------+-----------------------------------------------+


+--------------------------------------------------------------------------------------------------------+
; Parameter Settings for Inferred Entity Instance: vec_mul_pipe_core_32:coreComp|altsyncram:FIFO_A_rtl_0 ;
+------------------------------------+----------------------+--------------------------------------------+
; Parameter Name                     ; Value                ; Type                                       ;
+------------------------------------+----------------------+--------------------------------------------+
; BYTE_SIZE_BLOCK                    ; 8                    ; Untyped                                    ;
; AUTO_CARRY_CHAINS                  ; ON                   ; AUTO_CARRY                                 ;
; IGNORE_CARRY_BUFFERS               ; OFF                  ; IGNORE_CARRY                               ;
; AUTO_CASCADE_CHAINS                ; ON                   ; AUTO_CASCADE                               ;
; IGNORE_CASCADE_BUFFERS             ; OFF                  ; IGNORE_CASCADE                             ;
; WIDTH_BYTEENA                      ; 1                    ; Untyped                                    ;
; OPERATION_MODE                     ; DUAL_PORT            ; Untyped                                    ;
; WIDTH_A                            ; 32                   ; Untyped                                    ;
; WIDTHAD_A                          ; 6                    ; Untyped                                    ;
; NUMWORDS_A                         ; 64                   ; Untyped                                    ;
; OUTDATA_REG_A                      ; UNREGISTERED         ; Untyped                                    ;
; ADDRESS_ACLR_A                     ; NONE                 ; Untyped                                    ;
; OUTDATA_ACLR_A                     ; NONE                 ; Untyped                                    ;
; WRCONTROL_ACLR_A                   ; NONE                 ; Untyped                                    ;
; INDATA_ACLR_A                      ; NONE                 ; Untyped                                    ;
; BYTEENA_ACLR_A                     ; NONE                 ; Untyped                                    ;
; WIDTH_B                            ; 32                   ; Untyped                                    ;
; WIDTHAD_B                          ; 6                    ; Untyped                                    ;
; NUMWORDS_B                         ; 64                   ; Untyped                                    ;
; INDATA_REG_B                       ; CLOCK1               ; Untyped                                    ;
; WRCONTROL_WRADDRESS_REG_B          ; CLOCK1               ; Untyped                                    ;
; RDCONTROL_REG_B                    ; CLOCK1               ; Untyped                                    ;
; ADDRESS_REG_B                      ; CLOCK0               ; Untyped                                    ;
; OUTDATA_REG_B                      ; UNREGISTERED         ; Untyped                                    ;
; BYTEENA_REG_B                      ; CLOCK1               ; Untyped                                    ;
; INDATA_ACLR_B                      ; NONE                 ; Untyped                                    ;
; WRCONTROL_ACLR_B                   ; NONE                 ; Untyped                                    ;
; ADDRESS_ACLR_B                     ; NONE                 ; Untyped                                    ;
; OUTDATA_ACLR_B                     ; NONE                 ; Untyped                                    ;
; RDCONTROL_ACLR_B                   ; NONE                 ; Untyped                                    ;
; BYTEENA_ACLR_B                     ; NONE                 ; Untyped                                    ;
; WIDTH_BYTEENA_A                    ; 1                    ; Untyped                                    ;
; WIDTH_BYTEENA_B                    ; 1                    ; Untyped                                    ;
; RAM_BLOCK_TYPE                     ; AUTO                 ; Untyped                                    ;
; BYTE_SIZE                          ; 8                    ; Untyped                                    ;
; READ_DURING_WRITE_MODE_MIXED_PORTS ; OLD_DATA             ; Untyped                                    ;
; READ_DURING_WRITE_MODE_PORT_A      ; NEW_DATA_NO_NBE_READ ; Untyped                                    ;
; READ_DURING_WRITE_MODE_PORT_B      ; NEW_DATA_NO_NBE_READ ; Untyped                                    ;
; INIT_FILE                          ; UNUSED               ; Untyped                                    ;
; INIT_FILE_LAYOUT                   ; PORT_A               ; Untyped                                    ;
; MAXIMUM_DEPTH                      ; 0                    ; Untyped                                    ;
; CLOCK_ENABLE_INPUT_A               ; NORMAL               ; Untyped                                    ;
; CLOCK_ENABLE_INPUT_B               ; NORMAL               ; Untyped                                    ;
; CLOCK_ENABLE_OUTPUT_A              ; NORMAL               ; Untyped                                    ;
; CLOCK_ENABLE_OUTPUT_B              ; NORMAL               ; Untyped                                    ;
; CLOCK_ENABLE_CORE_A                ; USE_INPUT_CLKEN      ; Untyped                                    ;
; CLOCK_ENABLE_CORE_B                ; USE_INPUT_CLKEN      ; Untyped                                    ;
; ENABLE_ECC                         ; FALSE                ; Untyped                                    ;
; ECC_PIPELINE_STAGE_ENABLED         ; FALSE                ; Untyped                                    ;
; WIDTH_ECCSTATUS                    ; 3                    ; Untyped                                    ;
; DEVICE_FAMILY                      ; Cyclone V            ; Untyped                                    ;
; CBXI_PARAMETER                     ; altsyncram_a3n1      ; Untyped                                    ;
+------------------------------------+----------------------+--------------------------------------------+
Note: In order to hide this table in the UI and the text report file, please set the "Show Parameter Settings in Synthesis Report" option in "Analysis and Synthesis Settings -> More Settings" to "Off".


+--------------------------------------------------------------------------------------------------------+
; Parameter Settings for Inferred Entity Instance: vec_mul_pipe_core_32:coreComp|altsyncram:FIFO_B_rtl_0 ;
+------------------------------------+----------------------+--------------------------------------------+
; Parameter Name                     ; Value                ; Type                                       ;
+------------------------------------+----------------------+--------------------------------------------+
; BYTE_SIZE_BLOCK                    ; 8                    ; Untyped                                    ;
; AUTO_CARRY_CHAINS                  ; ON                   ; AUTO_CARRY                                 ;
; IGNORE_CARRY_BUFFERS               ; OFF                  ; IGNORE_CARRY                               ;
; AUTO_CASCADE_CHAINS                ; ON                   ; AUTO_CASCADE                               ;
; IGNORE_CASCADE_BUFFERS             ; OFF                  ; IGNORE_CASCADE                             ;
; WIDTH_BYTEENA                      ; 1                    ; Untyped                                    ;
; OPERATION_MODE                     ; DUAL_PORT            ; Untyped                                    ;
; WIDTH_A                            ; 32                   ; Untyped                                    ;
; WIDTHAD_A                          ; 6                    ; Untyped                                    ;
; NUMWORDS_A                         ; 64                   ; Untyped                                    ;
; OUTDATA_REG_A                      ; UNREGISTERED         ; Untyped                                    ;
; ADDRESS_ACLR_A                     ; NONE                 ; Untyped                                    ;
; OUTDATA_ACLR_A                     ; NONE                 ; Untyped                                    ;
; WRCONTROL_ACLR_A                   ; NONE                 ; Untyped                                    ;
; INDATA_ACLR_A                      ; NONE                 ; Untyped                                    ;
; BYTEENA_ACLR_A                     ; NONE                 ; Untyped                                    ;
; WIDTH_B                            ; 32                   ; Untyped                                    ;
; WIDTHAD_B                          ; 6                    ; Untyped                                    ;
; NUMWORDS_B                         ; 64                   ; Untyped                                    ;
; INDATA_REG_B                       ; CLOCK1               ; Untyped                                    ;
; WRCONTROL_WRADDRESS_REG_B          ; CLOCK1               ; Untyped                                    ;
; RDCONTROL_REG_B                    ; CLOCK1               ; Untyped                                    ;
; ADDRESS_REG_B                      ; CLOCK0               ; Untyped                                    ;
; OUTDATA_REG_B                      ; UNREGISTERED         ; Untyped                                    ;
; BYTEENA_REG_B                      ; CLOCK1               ; Untyped                                    ;
; INDATA_ACLR_B                      ; NONE                 ; Untyped                                    ;
; WRCONTROL_ACLR_B                   ; NONE                 ; Untyped                                    ;
; ADDRESS_ACLR_B                     ; NONE                 ; Untyped                                    ;
; OUTDATA_ACLR_B                     ; NONE                 ; Untyped                                    ;
; RDCONTROL_ACLR_B                   ; NONE                 ; Untyped                                    ;
; BYTEENA_ACLR_B                     ; NONE                 ; Untyped                                    ;
; WIDTH_BYTEENA_A                    ; 1                    ; Untyped                                    ;
; WIDTH_BYTEENA_B                    ; 1                    ; Untyped                                    ;
; RAM_BLOCK_TYPE                     ; AUTO                 ; Untyped                                    ;
; BYTE_SIZE                          ; 8                    ; Untyped                                    ;
; READ_DURING_WRITE_MODE_MIXED_PORTS ; OLD_DATA             ; Untyped                                    ;
; READ_DURING_WRITE_MODE_PORT_A      ; NEW_DATA_NO_NBE_READ ; Untyped                                    ;
; READ_DURING_WRITE_MODE_PORT_B      ; NEW_DATA_NO_NBE_READ ; Untyped                                    ;
; INIT_FILE                          ; UNUSED               ; Untyped                                    ;
; INIT_FILE_LAYOUT                   ; PORT_A               ; Untyped                                    ;
; MAXIMUM_DEPTH                      ; 0                    ; Untyped                                    ;
; CLOCK_ENABLE_INPUT_A               ; NORMAL               ; Untyped                                    ;
; CLOCK_ENABLE_INPUT_B               ; NORMAL               ; Untyped                                    ;
; CLOCK_ENABLE_OUTPUT_A              ; NORMAL               ; Untyped                                    ;
; CLOCK_ENABLE_OUTPUT_B              ; NORMAL               ; Untyped                                    ;
; CLOCK_ENABLE_CORE_A                ; USE_INPUT_CLKEN      ; Untyped                                    ;
; CLOCK_ENABLE_CORE_B                ; USE_INPUT_CLKEN      ; Untyped                                    ;
; ENABLE_ECC                         ; FALSE                ; Untyped                                    ;
; ECC_PIPELINE_STAGE_ENABLED         ; FALSE                ; Untyped                                    ;
; WIDTH_ECCSTATUS                    ; 3                    ; Untyped                                    ;
; DEVICE_FAMILY                      ; Cyclone V            ; Untyped                                    ;
; CBXI_PARAMETER                     ; altsyncram_a3n1      ; Untyped                                    ;
+------------------------------------+----------------------+--------------------------------------------+
Note: In order to hide this table in the UI and the text report file, please set the "Show Parameter Settings in Synthesis Report" option in "Analysis and Synthesis Settings -> More Settings" to "Off".


+---------------------------------------------------------------------------------------------------+
; altsyncram Parameter Settings by Entity Instance                                                  ;
+-------------------------------------------+-------------------------------------------------------+
; Name                                      ; Value                                                 ;
+-------------------------------------------+-------------------------------------------------------+
; Number of entity instances                ; 2                                                     ;
; Entity Instance                           ; vec_mul_pipe_core_32:coreComp|altsyncram:FIFO_A_rtl_0 ;
;     -- OPERATION_MODE                     ; DUAL_PORT                                             ;
;     -- WIDTH_A                            ; 32                                                    ;
;     -- NUMWORDS_A                         ; 64                                                    ;
;     -- OUTDATA_REG_A                      ; UNREGISTERED                                          ;
;     -- WIDTH_B                            ; 32                                                    ;
;     -- NUMWORDS_B                         ; 64                                                    ;
;     -- ADDRESS_REG_B                      ; CLOCK0                                                ;
;     -- OUTDATA_REG_B                      ; UNREGISTERED                                          ;
;     -- RAM_BLOCK_TYPE                     ; AUTO                                                  ;
;     -- READ_DURING_WRITE_MODE_MIXED_PORTS ; OLD_DATA                                              ;
; Entity Instance                           ; vec_mul_pipe_core_32:coreComp|altsyncram:FIFO_B_rtl_0 ;
;     -- OPERATION_MODE                     ; DUAL_PORT                                             ;
;     -- WIDTH_A                            ; 32                                                    ;
;     -- NUMWORDS_A                         ; 64                                                    ;
;     -- OUTDATA_REG_A                      ; UNREGISTERED                                          ;
;     -- WIDTH_B                            ; 32                                                    ;
;     -- NUMWORDS_B                         ; 64                                                    ;
;     -- ADDRESS_REG_B                      ; CLOCK0                                                ;
;     -- OUTDATA_REG_B                      ; UNREGISTERED                                          ;
;     -- RAM_BLOCK_TYPE                     ; AUTO                                                  ;
;     -- READ_DURING_WRITE_MODE_MIXED_PORTS ; OLD_DATA                                              ;
+-------------------------------------------+-------------------------------------------------------+


+-----------------------------------------------------+
; Post-Synthesis Netlist Statistics for Top Partition ;
+-----------------------+-----------------------------+
; Type                  ; Count                       ;
+-----------------------+-----------------------------+
; arriav_ff             ; 514                         ;
;     CLR               ; 25                          ;
;     ENA               ; 110                         ;
;     ENA CLR           ; 172                         ;
;     ENA CLR SCLR      ; 129                         ;
;     plain             ; 78                          ;
; arriav_lcell_comb     ; 553                         ;
;     arith             ; 108                         ;
;         1 data inputs ; 63                          ;
;         2 data inputs ; 13                          ;
;         3 data inputs ; 2                           ;
;         4 data inputs ; 30                          ;
;     normal            ; 334                         ;
;         0 data inputs ; 2                           ;
;         1 data inputs ; 2                           ;
;         2 data inputs ; 6                           ;
;         3 data inputs ; 73                          ;
;         4 data inputs ; 27                          ;
;         5 data inputs ; 90                          ;
;         6 data inputs ; 134                         ;
;     shared            ; 111                         ;
;         2 data inputs ; 64                          ;
;         3 data inputs ; 47                          ;
; arriav_mac            ; 6                           ;
; boundary_port         ; 151                         ;
; stratixv_ram_block    ; 64                          ;
;                       ;                             ;
; Max LUT depth         ; 7.30                        ;
; Average LUT depth     ; 3.28                        ;
+-----------------------+-----------------------------+


+-------------------------------+
; Elapsed Time Per Partition    ;
+----------------+--------------+
; Partition Name ; Elapsed Time ;
+----------------+--------------+
; Top            ; 00:00:02     ;
+----------------+--------------+


+-------------------------------+
; Analysis & Synthesis Messages ;
+-------------------------------+
Info: *******************************************************************
Info: Running Quartus Prime Analysis & Synthesis
    Info: Version 18.1.0 Build 625 09/12/2018 SJ Lite Edition
    Info: Processing started: Mon Dec 08 15:21:27 2025
Info: Command: quartus_map --read_settings_files=on --write_settings_files=off vec_mul_avalon_interface_32 -c vec_mul_avalon_interface_32
Warning (18236): Number of processors has not been specified which may cause overloading on shared machines.  Set the global assignment NUM_PARALLEL_PROCESSORS in your QSF to an appropriate value for best performance.
Info (20030): Parallel compilation is enabled and will use 10 of the 10 processors detected
Warning (12125): Using design file vec_mul_avalon_interface_32.sv, which is not specified as a design file for the current project, but contains definitions for 1 design units and 1 entities in project
    Info (12023): Found entity 1: vec_mul_avalon_interface_32 File: D:/Uah_Fpga/FinalProjectTry/Try_Submit/pipe/sv_code/vec_mul_avalon_interface_32/vec_mul_avalon_interface_32.sv Line: 1
Info (12127): Elaborating entity "vec_mul_avalon_interface_32" for the top level hierarchy
Warning (12125): Using design file vec_mul_pipe_core_32.sv, which is not specified as a design file for the current project, but contains definitions for 1 design units and 1 entities in project
    Info (12023): Found entity 1: vec_mul_pipe_core_32 File: D:/Uah_Fpga/FinalProjectTry/Try_Submit/pipe/sv_code/vec_mul_avalon_interface_32/vec_mul_pipe_core_32.sv Line: 3
Info (12128): Elaborating entity "vec_mul_pipe_core_32" for hierarchy "vec_mul_pipe_core_32:coreComp" File: D:/Uah_Fpga/FinalProjectTry/Try_Submit/pipe/sv_code/vec_mul_avalon_interface_32/vec_mul_avalon_interface_32.sv Line: 76
Warning (10230): Verilog HDL assignment warning at vec_mul_pipe_core_32.sv(149): truncated value with size 32 to match size of target (6) File: D:/Uah_Fpga/FinalProjectTry/Try_Submit/pipe/sv_code/vec_mul_avalon_interface_32/vec_mul_pipe_core_32.sv Line: 149
Warning (10230): Verilog HDL assignment warning at vec_mul_pipe_core_32.sv(150): truncated value with size 32 to match size of target (7) File: D:/Uah_Fpga/FinalProjectTry/Try_Submit/pipe/sv_code/vec_mul_avalon_interface_32/vec_mul_pipe_core_32.sv Line: 150
Warning (10230): Verilog HDL assignment warning at vec_mul_pipe_core_32.sv(155): truncated value with size 32 to match size of target (6) File: D:/Uah_Fpga/FinalProjectTry/Try_Submit/pipe/sv_code/vec_mul_avalon_interface_32/vec_mul_pipe_core_32.sv Line: 155
Warning (10230): Verilog HDL assignment warning at vec_mul_pipe_core_32.sv(156): truncated value with size 32 to match size of target (7) File: D:/Uah_Fpga/FinalProjectTry/Try_Submit/pipe/sv_code/vec_mul_avalon_interface_32/vec_mul_pipe_core_32.sv Line: 156
Warning (10230): Verilog HDL assignment warning at vec_mul_pipe_core_32.sv(170): truncated value with size 32 to match size of target (6) File: D:/Uah_Fpga/FinalProjectTry/Try_Submit/pipe/sv_code/vec_mul_avalon_interface_32/vec_mul_pipe_core_32.sv Line: 170
Warning (10230): Verilog HDL assignment warning at vec_mul_pipe_core_32.sv(171): truncated value with size 32 to match size of target (6) File: D:/Uah_Fpga/FinalProjectTry/Try_Submit/pipe/sv_code/vec_mul_avalon_interface_32/vec_mul_pipe_core_32.sv Line: 171
Warning (10230): Verilog HDL assignment warning at vec_mul_pipe_core_32.sv(184): truncated value with size 32 to match size of target (7) File: D:/Uah_Fpga/FinalProjectTry/Try_Submit/pipe/sv_code/vec_mul_avalon_interface_32/vec_mul_pipe_core_32.sv Line: 184
Warning (10230): Verilog HDL assignment warning at vec_mul_pipe_core_32.sv(193): truncated value with size 32 to match size of target (7) File: D:/Uah_Fpga/FinalProjectTry/Try_Submit/pipe/sv_code/vec_mul_avalon_interface_32/vec_mul_pipe_core_32.sv Line: 193
Warning (276020): Inferred RAM node "vec_mul_pipe_core_32:coreComp|FIFO_A_rtl_0" from synchronous design logic.  Pass-through logic has been added to match the read-during-write behavior of the original design.
Warning (276020): Inferred RAM node "vec_mul_pipe_core_32:coreComp|FIFO_B_rtl_0" from synchronous design logic.  Pass-through logic has been added to match the read-during-write behavior of the original design.
Info (19000): Inferred 2 megafunctions from design logic
    Info (276029): Inferred altsyncram megafunction from the following design logic: "vec_mul_pipe_core_32:coreComp|FIFO_A_rtl_0" 
        Info (286033): Parameter OPERATION_MODE set to DUAL_PORT
        Info (286033): Parameter WIDTH_A set to 32
        Info (286033): Parameter WIDTHAD_A set to 6
        Info (286033): Parameter NUMWORDS_A set to 64
        Info (286033): Parameter WIDTH_B set to 32
        Info (286033): Parameter WIDTHAD_B set to 6
        Info (286033): Parameter NUMWORDS_B set to 64
        Info (286033): Parameter ADDRESS_ACLR_A set to NONE
        Info (286033): Parameter OUTDATA_REG_B set to UNREGISTERED
        Info (286033): Parameter ADDRESS_ACLR_B set to NONE
        Info (286033): Parameter OUTDATA_ACLR_B set to NONE
        Info (286033): Parameter ADDRESS_REG_B set to CLOCK0
        Info (286033): Parameter INDATA_ACLR_A set to NONE
        Info (286033): Parameter WRCONTROL_ACLR_A set to NONE
        Info (286033): Parameter READ_DURING_WRITE_MODE_MIXED_PORTS set to OLD_DATA
    Info (276029): Inferred altsyncram megafunction from the following design logic: "vec_mul_pipe_core_32:coreComp|FIFO_B_rtl_0" 
        Info (286033): Parameter OPERATION_MODE set to DUAL_PORT
        Info (286033): Parameter WIDTH_A set to 32
        Info (286033): Parameter WIDTHAD_A set to 6
        Info (286033): Parameter NUMWORDS_A set to 64
        Info (286033): Parameter WIDTH_B set to 32
        Info (286033): Parameter WIDTHAD_B set to 6
        Info (286033): Parameter NUMWORDS_B set to 64
        Info (286033): Parameter ADDRESS_ACLR_A set to NONE
        Info (286033): Parameter OUTDATA_REG_B set to UNREGISTERED
        Info (286033): Parameter ADDRESS_ACLR_B set to NONE
        Info (286033): Parameter OUTDATA_ACLR_B set to NONE
        Info (286033): Parameter ADDRESS_REG_B set to CLOCK0
        Info (286033): Parameter INDATA_ACLR_A set to NONE
        Info (286033): Parameter WRCONTROL_ACLR_A set to NONE
        Info (286033): Parameter READ_DURING_WRITE_MODE_MIXED_PORTS set to OLD_DATA
Info (12130): Elaborated megafunction instantiation "vec_mul_pipe_core_32:coreComp|altsyncram:FIFO_A_rtl_0"
Info (12133): Instantiated megafunction "vec_mul_pipe_core_32:coreComp|altsyncram:FIFO_A_rtl_0" with the following parameter:
    Info (12134): Parameter "OPERATION_MODE" = "DUAL_PORT"
    Info (12134): Parameter "WIDTH_A" = "32"
    Info (12134): Parameter "WIDTHAD_A" = "6"
    Info (12134): Parameter "NUMWORDS_A" = "64"
    Info (12134): Parameter "WIDTH_B" = "32"
    Info (12134): Parameter "WIDTHAD_B" = "6"
    Info (12134): Parameter "NUMWORDS_B" = "64"
    Info (12134): Parameter "ADDRESS_ACLR_A" = "NONE"
    Info (12134): Parameter "OUTDATA_REG_B" = "UNREGISTERED"
    Info (12134): Parameter "ADDRESS_ACLR_B" = "NONE"
    Info (12134): Parameter "OUTDATA_ACLR_B" = "NONE"
    Info (12134): Parameter "ADDRESS_REG_B" = "CLOCK0"
    Info (12134): Parameter "INDATA_ACLR_A" = "NONE"
    Info (12134): Parameter "WRCONTROL_ACLR_A" = "NONE"
    Info (12134): Parameter "READ_DURING_WRITE_MODE_MIXED_PORTS" = "OLD_DATA"
Info (12021): Found 1 design units, including 1 entities, in source file db/altsyncram_a3n1.tdf
    Info (12023): Found entity 1: altsyncram_a3n1 File: D:/Uah_Fpga/FinalProjectTry/Try_Submit/pipe/sv_code/vec_mul_avalon_interface_32/db/altsyncram_a3n1.tdf Line: 27
Warning (13024): Output pins are stuck at VCC or GND
    Warning (13410): Pin "avm_bytenable[0]" is stuck at VCC File: D:/Uah_Fpga/FinalProjectTry/Try_Submit/pipe/sv_code/vec_mul_avalon_interface_32/vec_mul_avalon_interface_32.sv Line: 18
    Warning (13410): Pin "avm_bytenable[1]" is stuck at VCC File: D:/Uah_Fpga/FinalProjectTry/Try_Submit/pipe/sv_code/vec_mul_avalon_interface_32/vec_mul_avalon_interface_32.sv Line: 18
    Warning (13410): Pin "avm_bytenable[2]" is stuck at VCC File: D:/Uah_Fpga/FinalProjectTry/Try_Submit/pipe/sv_code/vec_mul_avalon_interface_32/vec_mul_avalon_interface_32.sv Line: 18
    Warning (13410): Pin "avm_bytenable[3]" is stuck at VCC File: D:/Uah_Fpga/FinalProjectTry/Try_Submit/pipe/sv_code/vec_mul_avalon_interface_32/vec_mul_avalon_interface_32.sv Line: 18
    Warning (13410): Pin "avm_burstcount[0]" is stuck at VCC File: D:/Uah_Fpga/FinalProjectTry/Try_Submit/pipe/sv_code/vec_mul_avalon_interface_32/vec_mul_avalon_interface_32.sv Line: 22
    Warning (13410): Pin "avm_burstcount[1]" is stuck at GND File: D:/Uah_Fpga/FinalProjectTry/Try_Submit/pipe/sv_code/vec_mul_avalon_interface_32/vec_mul_avalon_interface_32.sv Line: 22
    Warning (13410): Pin "avm_burstcount[2]" is stuck at GND File: D:/Uah_Fpga/FinalProjectTry/Try_Submit/pipe/sv_code/vec_mul_avalon_interface_32/vec_mul_avalon_interface_32.sv Line: 22
    Warning (13410): Pin "avm_burstcount[3]" is stuck at GND File: D:/Uah_Fpga/FinalProjectTry/Try_Submit/pipe/sv_code/vec_mul_avalon_interface_32/vec_mul_avalon_interface_32.sv Line: 22
    Warning (13410): Pin "avm_burstcount[4]" is stuck at GND File: D:/Uah_Fpga/FinalProjectTry/Try_Submit/pipe/sv_code/vec_mul_avalon_interface_32/vec_mul_avalon_interface_32.sv Line: 22
    Warning (13410): Pin "avm_burstcount[5]" is stuck at GND File: D:/Uah_Fpga/FinalProjectTry/Try_Submit/pipe/sv_code/vec_mul_avalon_interface_32/vec_mul_avalon_interface_32.sv Line: 22
    Warning (13410): Pin "avm_burstcount[6]" is stuck at GND File: D:/Uah_Fpga/FinalProjectTry/Try_Submit/pipe/sv_code/vec_mul_avalon_interface_32/vec_mul_avalon_interface_32.sv Line: 22
    Warning (13410): Pin "avm_burstcount[7]" is stuck at GND File: D:/Uah_Fpga/FinalProjectTry/Try_Submit/pipe/sv_code/vec_mul_avalon_interface_32/vec_mul_avalon_interface_32.sv Line: 22
Info (286030): Timing-Driven Synthesis is running
Info (16010): Generating hard_block partition "hard_block:auto_generated_inst"
    Info (16011): Adding 0 node(s), including 0 DDIO, 0 PLL, 0 transceiver and 0 LCELL
Info (21057): Implemented 1126 device resources after synthesis - the final resource count might be different
    Info (21058): Implemented 74 input pins
    Info (21059): Implemented 77 output pins
    Info (21061): Implemented 905 logic cells
    Info (21064): Implemented 64 RAM segments
    Info (21062): Implemented 6 DSP elements
Info: Quartus Prime Analysis & Synthesis was successful. 0 errors, 26 warnings
    Info: Peak virtual memory: 4910 megabytes
    Info: Processing ended: Mon Dec 08 15:21:42 2025
    Info: Elapsed time: 00:00:15
    Info: Total CPU time (on all processors): 00:00:20


